make all --print-data-base --no-builtin-variables --no-builtin-rules --question
# GNU Make 3.82
# Built for x86_64-redhat-linux-gnu
# Copyright (C) 2010  Free Software Foundation, Inc.
# License GPLv3+: GNU GPL version 3 or later <http://gnu.org/licenses/gpl.html>
# This is free software: you are free to change and redistribute it.
# There is NO WARRANTY, to the extent permitted by law.

# Make data base, printed on Thu Mar  3 21:38:58 2022

# Variables

# automatic
<D = $(patsubst %/,%,$(dir $<))
# automatic
?F = $(notdir $?)
# default
.SHELLFLAGS := -c
# environment
QTDIR = /usr/lib64/qt-3.3
# environment
VSCODE_AGENT_FOLDER = /home/cs452/.vscode-server
# environment
VSCODE_LOG_NATIVE = false
# automatic
?D = $(patsubst %/,%,$(dir $?))
# automatic
@D = $(patsubst %/,%,$(dir $@))
# automatic
@F = $(notdir $@)
# default
MAKE_VERSION := 3.82
# makefile
CURDIR := /home/cs452/Documents/CS452/CS452/Project5
# makefile
SHELL = /bin/sh
# environment
VSCODE_NLS_CONFIG = {"locale":"en","availableLanguages":{}}
# environment
_ = /usr/bin/make
# makefile (from `Makefile', line 3)
CFLAGS = -g
# makefile (from `Makefile', line 1)
MAKEFILE_LIST :=  Makefile
# environment
HISTCONTROL = ignoredups
# environment
XDG_DATA_DIRS = /home/cs452/.local/share/flatpak/exports/share:/var/lib/flatpak/exports/share:/usr/local/share:/usr/share
# environment
VSCODE_VERBOSE_LOGGING = true
# environment
PERL_MM_OPT = INSTALL_BASE=/home/cs452/perl5
# environment
QT_PLUGIN_PATH = /usr/lib64/kde4/plugins:/usr/lib/kde4/plugins
# environment
LESSOPEN = ||/usr/bin/lesspipe.sh %s
# environment
VSCODE_CWD = /home/cs452
# environment
SSH_CONNECTION = 192.168.149.1 53976 192.168.149.132 22
# environment
PATH = /home/cs452/.vscode-server/bin/f80445acd5a3dadef24aa209168452a3d97cc326/bin/remote-cli:/usr/lib64/qt-3.3/bin:/home/cs452/perl5/bin:/usr/local/bin:/usr/bin:/usr/local/sbin:/usr/sbin:/home/cs452/.local/bin:/home/cs452/bin
# makefile (from `Makefile', line 5)
LIB_OBJS = lru.a
# environment
QT_GRAPHICSSYSTEM_CHECKED = 1
# environment
XDG_RUNTIME_DIR = /run/user/1000
# makefile (from `Makefile', line 2)
AR = ar
# environment
VSCODE_LOG_STACK = false
# environment
SELINUX_USE_CURRENT_RANGE = 
# makefile (from `Makefile', line 11)
build = @if [ -z "$V" ]; then echo '	[$1]	$@'; $2; else echo '$2'; $2; fi
# default
.FEATURES := target-specific order-only second-expansion else-if shortest-stem undefine oneshell archives jobserver check-symlink
# automatic
%F = $(notdir $%)
# environment
KDEDIRS = /usr
# environment
VSCODE_PIPE_LOGGING = true
# makefile (from `Makefile', line 7)
OBJS = lru-test1 lru-test2 lru-test3 lru-test4 lru-test5 lru-test6 lru-test7 
# environment
PWD = /home/cs452/Documents/CS452/CS452/Project5
# environment
VSCODE_IPC_HOOK_CLI = /run/user/1000/vscode-ipc-7882575e-b2a2-40aa-8271-51122bca943e.sock
# automatic
*D = $(patsubst %/,%,$(dir $*))
# environment
VSCODE_AMD_ENTRYPOINT = vs/workbench/services/extensions/node/extensionHostProcess
# environment
HOME = /home/cs452
# environment
PERL_MB_OPT = --install_base /home/cs452/perl5
# environment
PERL_LOCAL_LIB_ROOT = :/home/cs452/perl5
# environment
PERL5LIB = /home/cs452/perl5/lib/perl5:
# environment
LOGNAME = cs452
# environment
APPLICATION_INSIGHTS_NO_DIAGNOSTIC_CHANNEL = true
# automatic
+F = $(notdir $+)
# environment
SELINUX_LEVEL_REQUESTED = 
# environment
VSCODE_HANDLES_UNCAUGHT_ERRORS = true
# automatic
^D = $(patsubst %/,%,$(dir $^))
# environment
HOSTNAME = xyno.boisestate.edu
# environment
MAKELEVEL := 0
# default
MAKE = $(MAKE_COMMAND)
# default
MAKECMDGOALS := all
# environment
SHLVL = 5
# makefile (from `Makefile', line 1)
CC = gcc
# environment
XDG_SESSION_ID = 7
# environment
USER = cs452
# environment
QTLIB = /usr/lib64/qt-3.3/lib
# automatic
%D = $(patsubst %/,%,$(dir $%))
# default
MAKE_COMMAND := make
# default
.VARIABLES := 
# automatic
*F = $(notdir $*)
# makefile
MAKEFLAGS = Rrqp
# environment
MFLAGS = -Rrqp
# environment
SSH_CLIENT = 192.168.149.1 53976 22
# environment
MAIL = /var/spool/mail/cs452
# automatic
+D = $(patsubst %/,%,$(dir $+))
# environment
BROWSER = /home/cs452/.vscode-server/bin/f80445acd5a3dadef24aa209168452a3d97cc326/bin/helpers/browser.sh
# default
MAKEFILES := 
# automatic
<F = $(notdir $<)
# environment
LC_ALL = C
# automatic
^F = $(notdir $^)
# environment
SELINUX_ROLE_REQUESTED = 
# default
SUFFIXES := 
# environment
HISTSIZE = 1000
# default
.INCLUDE_DIRS = /usr/include /usr/local/include /usr/include
# environment
QTINC = /usr/lib64/qt-3.3/include
# default
.RECIPEPREFIX := 
# makefile
.DEFAULT_GOAL := all
# environment
LANG = C
# environment
VSCODE_EXTHOST_WILL_SEND_SOCKET = true
# variable set hash-table stats:
# Load=83/1024=8%, Rehash=0, Collisions=13/116=11%

# Pattern-specific Variable Values

# No pattern-specific variable values.

# Directories

# . (device 64768, inode 80221): 15 files, 3 impossibilities.

# 15 files, 3 impossibilities in 1 directories.

# Implicit Rules

%: %.c lru.a
#  recipe to execute (from `Makefile', line 21):
	$(call build,LINK,$(CC) $(CFLAGS) $< $(LIB_OBJS) -o $@)

%.o: %.c
#  recipe to execute (from `Makefile', line 24):
	$(call build,CC,$(CC) $(CFLAGS) -c $< -o $@)

%.a: %.o
#  recipe to execute (from `Makefile', line 27):
	$(call build,AR,$(AR) rcs $@ $^)

# 3 implicit rules, 0 (0.0%) terminal.

# Files

lru.o: lru.c
#  Implicit rule search has been done.
#  Implicit/static pattern stem: `lru'
#  File is an intermediate prerequisite.
#  File does not exist.
#  File has been updated.
#  Needs to be updated (-q is set).
# automatic
# @ := lru.o
# automatic
# % := 
# automatic
# * := lru
# automatic
# + := lru.c
# automatic
# | := 
# automatic
# < := lru.c
# automatic
# ^ := lru.c
# automatic
# ? := lru.c
# variable set hash-table stats:
# Load=8/32=25%, Rehash=0, Collisions=1/19=5%
#  recipe to execute (from `Makefile', line 24):
	$(call build,CC,$(CC) $(CFLAGS) -c $< -o $@)

all: lru.a lru-test1 lru-test2 lru-test3 lru-test4 lru-test5 lru-test6 lru-test7
#  Command line target.
#  Implicit rule search has been done.
#  File does not exist.
#  File has been updated.
#  Needs to be updated (-q is set).
# variable set hash-table stats:
# Load=0/32=0%, Rehash=0, Collisions=0/8=0%

lru.a: lru.o
#  Implicit rule search has been done.
#  Implicit/static pattern stem: `lru'
#  File does not exist.
#  File has been updated.
#  Needs to be updated (-q is set).
# variable set hash-table stats:
# Load=0/32=0%, Rehash=0, Collisions=0/8=0%
#  recipe to execute (from `Makefile', line 27):
	$(call build,AR,$(AR) rcs $@ $^)

# Not a target:
lru-test1:
#  Implicit rule search has not been done.
#  Modification time never checked.
#  File has not been updated.

# Not a target:
lru-test6:
#  Implicit rule search has not been done.
#  Modification time never checked.
#  File has not been updated.

# Not a target:
.SUFFIXES:
#  Implicit rule search has not been done.
#  Modification time never checked.
#  File has not been updated.

# Not a target:
Makefile:
#  Implicit rule search has been done.
#  Last modified 2022-03-03 19:07:41.162441546
#  File has been updated.
 
#  Successfully updated.

# Not a target:
lru-test2:
#  Implicit rule search has not been done.
#  Modification time never checked.
#  File has not been updated.

# Not a target:
lru.c:
#  Implicit rule search has been done.
#  Last modified 2022-03-03 21:34:43.016027418
#  File has been updated.
#  Successfully updated.

# Not a target:
lru-test7:
#  Implicit rule search has not been done.
#  Modification time never checked.
#  File has not been updated.

# Not a target:
lru-test5:
#  Implicit rule search has not been done.
#  Modification time never checked.
#  File has not been updated.

# Not a target:
.DEFAULT:
#  Implicit rule search has not been done.
#  Modification time never checked.
#  File has not been updated.

clean:
#  Implicit rule search has not been done.
#  Modification time never checked.
#  File has not been updated.
#  recipe to execute (from `Makefile', line 34):
	rm -f *.o $(OBJS) $(LIB_OBJS)

# Not a target:
lru-test4:
#  Implicit rule search has not been done.
#  Modification time never checked.
#  File has not been updated.

# Not a target:
lru-test3:
#  Implicit rule search has not been done.
#  Modification time never checked.
#  File has not been updated.

# files hash-table stats:
# Load=15/1024=1%, Rehash=0, Collisions=1/48=2%
# VPATH Search Paths

# No `vpath' search paths.

# No general (`VPATH' variable) search path.

# # of strings in strcache: 0 / lookups = 59 / hits = 59
# # of strcache buffers: 1 (* 8176 B/buffer = 8176 B)
# strcache used: total = 0 (324) / max = 0 / min = 8176 / avg = 0
# strcache free: total = 0 (7852) / max = 0 / min = 8176 / avg = 0

# strcache hash-table stats:
# Load=38/8192=0%, Rehash=0, Collisions=1/59=2%
# Finished Make data base on Thu Mar  3 21:38:58 2022

 
